{"name": "test_guest_cant_see_success_message_after_adding_product_to_cart", "status": "skipped", "statusDetails": {"message": "XFAIL\n\nAssertionError: Success message is presented, but should not be\nassert False\n +  where False = <bound method BasePage.is_not_element_present of <pages.product_page.ProductPage object at 0x0000023D16A8A7F0>>(*('xpath', '//strong[contains(text(), \"Coders at Work\")]'))\n +    where <bound method BasePage.is_not_element_present of <pages.product_page.ProductPage object at 0x0000023D16A8A7F0>> = <pages.product_page.ProductPage object at 0x0000023D16A8A7F0>.is_not_element_present\n +    and   ('xpath', '//strong[contains(text(), \"Coders at Work\")]') = ProductPageLocators.ADDED", "trace": "self = <test_product_page.TestCase object at 0x0000023D16A24C70>, browser = <selenium.webdriver.chrome.webdriver.WebDriver (session=\"eac7b0cd21861866242efb32ad8767ad\")>\n\n    @pytest.mark.xfail\n    def test_guest_cant_see_success_message_after_adding_product_to_cart(self, browser):\n        link = f'http://selenium1py.pythonanywhere.com/catalogue/coders-at-work_207/?promo=offer1'\n        product_page = ProductPage(browser, link)\n        product_page.open()\n        product_page.add_item_to_basket()\n        product_page.solve_quiz_and_get_code()\n>       assert product_page.is_not_element_present(*ProductPageLocators.ADDED), \\\n            \"Success message is presented, but should not be\"\nE       AssertionError: Success message is presented, but should not be\nE       assert False\nE        +  where False = <bound method BasePage.is_not_element_present of <pages.product_page.ProductPage object at 0x0000023D16A8A7F0>>(*('xpath', '//strong[contains(text(), \"Coders at Work\")]'))\nE        +    where <bound method BasePage.is_not_element_present of <pages.product_page.ProductPage object at 0x0000023D16A8A7F0>> = <pages.product_page.ProductPage object at 0x0000023D16A8A7F0>.is_not_element_present\nE        +    and   ('xpath', '//strong[contains(text(), \"Coders at Work\")]') = ProductPageLocators.ADDED\n\ntest_product_page.py:39: AssertionError"}, "attachments": [{"name": "stdout", "source": "050e4a90-80c6-4149-85b4-e57849496f22-attachment.txt", "type": "text/plain"}], "start": 1634632756302, "stop": 1634632761030, "uuid": "790f4056-5256-45a6-90ce-f191027baebe", "historyId": "e037c601501d018eb58f60c4ce024155", "testCaseId": "664f4396d493d2d6f435a9dbc7295344", "fullName": "test_product_page.TestCase#test_guest_cant_see_success_message_after_adding_product_to_cart", "labels": [{"name": "tag", "value": "@pytest.mark.xfail"}, {"name": "suite", "value": "test_product_page"}, {"name": "subSuite", "value": "TestCase"}, {"name": "host", "value": "nba-206-31"}, {"name": "thread", "value": "6884-MainThread"}, {"name": "framework", "value": "pytest"}, {"name": "language", "value": "cpython3"}, {"name": "package", "value": "test_product_page"}]}