{
  "uid" : "4721350ea39a47fa",
  "name" : "test_message_disappeared_after_adding_product_to_cart",
  "fullName" : "test_product_page.TestCase#test_message_disappeared_after_adding_product_to_cart",
  "historyId" : "54737d9972573abc78b622e52391e80a",
  "time" : {
    "start" : 1634632775063,
    "stop" : 1634632781881,
    "duration" : 6818
  },
  "status" : "skipped",
  "statusMessage" : "XFAIL\n\nAssertionError: Success message is presented, but should not be\nassert False\n +  where False = <bound method BasePage.is_disappeared of <pages.product_page.ProductPage object at 0x0000023D16A26670>>(*('xpath', '//strong[contains(text(), \"Coders at Work\")]'))\n +    where <bound method BasePage.is_disappeared of <pages.product_page.ProductPage object at 0x0000023D16A26670>> = <pages.product_page.ProductPage object at 0x0000023D16A26670>.is_disappeared\n +    and   ('xpath', '//strong[contains(text(), \"Coders at Work\")]') = ProductPageLocators.ADDED",
  "statusTrace" : "self = <test_product_page.TestCase object at 0x0000023D16A24340>, browser = <selenium.webdriver.chrome.webdriver.WebDriver (session=\"cf0550f87d8544cf5dd1d93039f6585d\")>\n\n    @pytest.mark.xfail\n    def test_message_disappeared_after_adding_product_to_cart(self, browser):\n        link = f'http://selenium1py.pythonanywhere.com/catalogue/coders-at-work_207/?promo=offer1'\n        product_page = ProductPage(browser, link)\n        product_page.open()\n        product_page.add_item_to_basket()\n        product_page.solve_quiz_and_get_code()\n>       assert product_page.is_disappeared(*ProductPageLocators.ADDED), \\\n            \"Success message is presented, but should not be\"\nE       AssertionError: Success message is presented, but should not be\nE       assert False\nE        +  where False = <bound method BasePage.is_disappeared of <pages.product_page.ProductPage object at 0x0000023D16A26670>>(*('xpath', '//strong[contains(text(), \"Coders at Work\")]'))\nE        +    where <bound method BasePage.is_disappeared of <pages.product_page.ProductPage object at 0x0000023D16A26670>> = <pages.product_page.ProductPage object at 0x0000023D16A26670>.is_disappeared\nE        +    and   ('xpath', '//strong[contains(text(), \"Coders at Work\")]') = ProductPageLocators.ADDED\n\ntest_product_page.py:56: AssertionError",
  "flaky" : false,
  "newFailed" : false,
  "beforeStages" : [ {
    "name" : "browser",
    "time" : {
      "start" : 1634632773750,
      "stop" : 1634632775060,
      "duration" : 1310
    },
    "status" : "passed",
    "steps" : [ ],
    "attachments" : [ ],
    "parameters" : [ ],
    "shouldDisplayMessage" : false,
    "attachmentsCount" : 0,
    "hasContent" : false,
    "stepsCount" : 0
  }, {
    "name" : "_session_faker",
    "time" : {
      "start" : 1634632680318,
      "stop" : 1634632680399,
      "duration" : 81
    },
    "status" : "passed",
    "steps" : [ ],
    "attachments" : [ ],
    "parameters" : [ ],
    "shouldDisplayMessage" : false,
    "attachmentsCount" : 0,
    "hasContent" : false,
    "stepsCount" : 0
  } ],
  "testStage" : {
    "status" : "skipped",
    "statusMessage" : "XFAIL\n\nAssertionError: Success message is presented, but should not be\nassert False\n +  where False = <bound method BasePage.is_disappeared of <pages.product_page.ProductPage object at 0x0000023D16A26670>>(*('xpath', '//strong[contains(text(), \"Coders at Work\")]'))\n +    where <bound method BasePage.is_disappeared of <pages.product_page.ProductPage object at 0x0000023D16A26670>> = <pages.product_page.ProductPage object at 0x0000023D16A26670>.is_disappeared\n +    and   ('xpath', '//strong[contains(text(), \"Coders at Work\")]') = ProductPageLocators.ADDED",
    "statusTrace" : "self = <test_product_page.TestCase object at 0x0000023D16A24340>, browser = <selenium.webdriver.chrome.webdriver.WebDriver (session=\"cf0550f87d8544cf5dd1d93039f6585d\")>\n\n    @pytest.mark.xfail\n    def test_message_disappeared_after_adding_product_to_cart(self, browser):\n        link = f'http://selenium1py.pythonanywhere.com/catalogue/coders-at-work_207/?promo=offer1'\n        product_page = ProductPage(browser, link)\n        product_page.open()\n        product_page.add_item_to_basket()\n        product_page.solve_quiz_and_get_code()\n>       assert product_page.is_disappeared(*ProductPageLocators.ADDED), \\\n            \"Success message is presented, but should not be\"\nE       AssertionError: Success message is presented, but should not be\nE       assert False\nE        +  where False = <bound method BasePage.is_disappeared of <pages.product_page.ProductPage object at 0x0000023D16A26670>>(*('xpath', '//strong[contains(text(), \"Coders at Work\")]'))\nE        +    where <bound method BasePage.is_disappeared of <pages.product_page.ProductPage object at 0x0000023D16A26670>> = <pages.product_page.ProductPage object at 0x0000023D16A26670>.is_disappeared\nE        +    and   ('xpath', '//strong[contains(text(), \"Coders at Work\")]') = ProductPageLocators.ADDED\n\ntest_product_page.py:56: AssertionError",
    "steps" : [ ],
    "attachments" : [ {
      "uid" : "4112bb0b4c821764",
      "name" : "stdout",
      "source" : "4112bb0b4c821764.txt",
      "type" : "text/plain",
      "size" : 42
    } ],
    "parameters" : [ ],
    "shouldDisplayMessage" : true,
    "attachmentsCount" : 1,
    "hasContent" : true,
    "stepsCount" : 0
  },
  "afterStages" : [ {
    "name" : "browser::0",
    "time" : {
      "start" : 1634632781897,
      "stop" : 1634632784107,
      "duration" : 2210
    },
    "status" : "passed",
    "steps" : [ ],
    "attachments" : [ ],
    "parameters" : [ ],
    "shouldDisplayMessage" : false,
    "attachmentsCount" : 0,
    "hasContent" : false,
    "stepsCount" : 0
  } ],
  "labels" : [ {
    "name" : "tag",
    "value" : "@pytest.mark.xfail"
  }, {
    "name" : "suite",
    "value" : "test_product_page"
  }, {
    "name" : "subSuite",
    "value" : "TestCase"
  }, {
    "name" : "host",
    "value" : "nba-206-31"
  }, {
    "name" : "thread",
    "value" : "6884-MainThread"
  }, {
    "name" : "framework",
    "value" : "pytest"
  }, {
    "name" : "language",
    "value" : "cpython3"
  }, {
    "name" : "package",
    "value" : "test_product_page"
  }, {
    "name" : "resultFormat",
    "value" : "allure2"
  } ],
  "parameters" : [ ],
  "links" : [ ],
  "hidden" : false,
  "retry" : false,
  "extra" : {
    "severity" : "normal",
    "retries" : [ ],
    "categories" : [ ],
    "tags" : [ "@pytest.mark.xfail" ]
  },
  "source" : "4721350ea39a47fa.json",
  "parameterValues" : [ ]
}